gpgv: Signature made Sat Sep  7 11:28:27 2019 UTC
gpgv:                using RSA key 126C0D24BD8A2942CC7DF8AC7638D0442B90D010
gpgv: Good signature from "Debian Archive Automatic Signing Key (8/jessie) <ftpmaster@debian.org>"
gpgv: Signature made Sat Sep  7 11:28:27 2019 UTC
gpgv:                using RSA key 16E90B3FDF65EDE3AA7F323C04EE7237B7D453EC
gpgv: Good signature from "Debian Archive Automatic Signing Key (9/stretch) <ftpmaster@debian.org>"
gpgv: Signature made Sat Sep  7 11:56:38 2019 UTC
gpgv:                using RSA key 067E3C456BAE240ACEE88F6FEF0F382A1A7B6500
gpgv:                issuer "debian-release@lists.debian.org"
gpgv: Good signature from "Debian Stable Release Key (9/stretch) <debian-release@lists.debian.org>"
dpkg: warning: parsing file '/var/lib/dpkg/status' near line 5 package 'dpkg':
 missing description
dpkg: warning: parsing file '/var/lib/dpkg/status' near line 5 package 'dpkg':
 missing architecture
Selecting previously unselected package base-passwd.
(Reading database ... 0 files and directories currently installed.)
Preparing to unpack .../base-passwd_3.5.43_amd64.deb ...
Unpacking base-passwd (3.5.43) ...
dpkg: base-passwd: dependency problems, but configuring anyway as you requested:
 base-passwd depends on libc6 (>= 2.8); however:
  Package libc6 is not installed.
 base-passwd depends on libdebconfclient0 (>= 0.145); however:
  Package libdebconfclient0 is not installed.

Setting up base-passwd (3.5.43) ...
dpkg: warning: parsing file '/var/lib/dpkg/status' near line 24 package 'dpkg':
 missing description
dpkg: warning: parsing file '/var/lib/dpkg/status' near line 24 package 'dpkg':
 missing architecture
Selecting previously unselected package base-files.
dpkg: regarding .../base-files_9.9+deb9u10_amd64.deb containing base-files, pre-dependency problem:
 base-files pre-depends on awk
  awk is not installed.

dpkg: warning: ignoring pre-dependency problem!
(Reading database ... 41 files and directories currently installed.)
Preparing to unpack .../base-files_9.9+deb9u10_amd64.deb ...
Unpacking base-files (9.9+deb9u10) ...
dpkg: base-files: dependency problems, but configuring anyway as you requested:
 base-files depends on awk; however:
  Package awk is not installed.

Setting up base-files (9.9+deb9u10) ...
dpkg: warning: parsing file '/var/lib/dpkg/status' near line 51 package 'dpkg':
 missing description
dpkg: warning: parsing file '/var/lib/dpkg/status' near line 51 package 'dpkg':
 missing architecture
dpkg: regarding .../dpkg_1.18.25_amd64.deb containing dpkg, pre-dependency problem:
 dpkg pre-depends on libbz2-1.0
  libbz2-1.0 is not installed.

dpkg: warning: ignoring pre-dependency problem!
dpkg: regarding .../dpkg_1.18.25_amd64.deb containing dpkg, pre-dependency problem:
 dpkg pre-depends on libc6 (>= 2.14)
  libc6 is not installed.

dpkg: warning: ignoring pre-dependency problem!
dpkg: regarding .../dpkg_1.18.25_amd64.deb containing dpkg, pre-dependency problem:
 dpkg pre-depends on liblzma5 (>= 5.2.2)
  liblzma5 is not installed.

dpkg: warning: ignoring pre-dependency problem!
dpkg: regarding .../dpkg_1.18.25_amd64.deb containing dpkg, pre-dependency problem:
 dpkg pre-depends on libselinux1 (>= 2.3)
  libselinux1 is not installed.

dpkg: warning: ignoring pre-dependency problem!
dpkg: regarding .../dpkg_1.18.25_amd64.deb containing dpkg, pre-dependency problem:
 dpkg pre-depends on zlib1g (>= 1:1.1.4)
  zlib1g is not installed.

dpkg: warning: ignoring pre-dependency problem!
(Reading database ... 120 files and directories currently installed.)
Preparing to unpack .../dpkg_1.18.25_amd64.deb ...
Unpacking dpkg (1.18.25) over (1.18.25) ...
dpkg: dpkg: dependency problems, but configuring anyway as you requested:
 dpkg depends on libbz2-1.0; however:
  Package libbz2-1.0 is not installed.
 dpkg depends on libc6 (>= 2.14); however:
  Package libc6 is not installed.
 dpkg depends on liblzma5 (>= 5.2.2); however:
  Package liblzma5 is not installed.
 dpkg depends on libselinux1 (>= 2.3); however:
  Package libselinux1 is not installed.
 dpkg depends on zlib1g (>= 1:1.1.4); however:
  Package zlib1g is not installed.
 dpkg depends on tar (>= 1.28-1); however:
  Package tar is not installed.

Setting up dpkg (1.18.25) ...
Selecting previously unselected package libc6:amd64.
(Reading database ... 365 files and directories currently installed.)
Preparing to unpack .../libc6_2.24-11+deb9u4_amd64.deb ...
Unpacking libc6:amd64 (2.24-11+deb9u4) ...
dpkg: libc6:amd64: dependency problems, but configuring anyway as you requested:
 libc6:amd64 depends on libgcc1; however:
  Package libgcc1 is not installed.

Setting up libc6:amd64 (2.24-11+deb9u4) ...
Selecting previously unselected package perl-base.
(Reading database ... 683 files and directories currently installed.)
Preparing to unpack .../perl-base_5.24.1-3+deb9u5_amd64.deb ...
Unpacking perl-base (5.24.1-3+deb9u5) ...
Setting up perl-base (5.24.1-3+deb9u5) ...
Selecting previously unselected package mawk.
(Reading database ... 1315 files and directories currently installed.)
Preparing to unpack .../mawk_1.3.3-17+b3_amd64.deb ...
Unpacking mawk (1.3.3-17+b3) ...
Setting up mawk (1.3.3-17+b3) ...
Selecting previously unselected package debconf.
(Reading database ... 1335 files and directories currently installed.)
Preparing to unpack .../debconf_1.5.61_all.deb ...
Unpacking debconf (1.5.61) ...
Setting up debconf (1.5.61) ...
Selecting previously unselected package libacl1:amd64.
(Reading database ... 1515 files and directories currently installed.)
Preparing to unpack .../libacl1_2.2.52-3+b1_amd64.deb ...
Unpacking libacl1:amd64 (2.2.52-3+b1) ...
Selecting previously unselected package libattr1:amd64.
Preparing to unpack .../libattr1_1%3a2.4.47-2+b2_amd64.deb ...
Unpacking libattr1:amd64 (1:2.4.47-2+b2) ...
Selecting previously unselected package libaudit-common.
Preparing to unpack .../libaudit-common_1%3a2.6.7-2_all.deb ...
Unpacking libaudit-common (1:2.6.7-2) ...
Selecting previously unselected package libaudit1:amd64.
Preparing to unpack .../libaudit1_1%3a2.6.7-2_amd64.deb ...
Unpacking libaudit1:amd64 (1:2.6.7-2) ...
Preparing to unpack .../base-files_9.9+deb9u10_amd64.deb ...
Unpacking base-files (9.9+deb9u10) over (9.9+deb9u10) ...
Preparing to unpack .../base-passwd_3.5.43_amd64.deb ...
Unpacking base-passwd (3.5.43) over (3.5.43) ...
Selecting previously unselected package bash.
dpkg: regarding .../archives/bash_4.4-5_amd64.deb containing bash, pre-dependency problem:
 bash pre-depends on dash (>= 0.5.5.1-2.2)
  dash is not installed.

dpkg: warning: ignoring pre-dependency problem!
dpkg: regarding .../archives/bash_4.4-5_amd64.deb containing bash, pre-dependency problem:
 bash pre-depends on libtinfo5 (>= 6)
  libtinfo5 is not installed.

dpkg: warning: ignoring pre-dependency problem!
Preparing to unpack .../archives/bash_4.4-5_amd64.deb ...
Unpacking bash (4.4-5) ...
Selecting previously unselected package libbz2-1.0:amd64.
Preparing to unpack .../libbz2-1.0_1.0.6-8.1_amd64.deb ...
Unpacking libbz2-1.0:amd64 (1.0.6-8.1) ...
Selecting previously unselected package libdebconfclient0:amd64.
Preparing to unpack .../libdebconfclient0_0.227_amd64.deb ...
Unpacking libdebconfclient0:amd64 (0.227) ...
Selecting previously unselected package coreutils.
dpkg: regarding .../coreutils_8.26-3_amd64.deb containing coreutils, pre-dependency problem:
 coreutils pre-depends on libacl1 (>= 2.2.51-8)
  libacl1:amd64 is unpacked, but has never been configured.

dpkg: warning: ignoring pre-dependency problem!
dpkg: regarding .../coreutils_8.26-3_amd64.deb containing coreutils, pre-dependency problem:
 coreutils pre-depends on libattr1 (>= 1:2.4.46-8)
  libattr1:amd64 is unpacked, but has never been configured.

dpkg: warning: ignoring pre-dependency problem!
dpkg: regarding .../coreutils_8.26-3_amd64.deb containing coreutils, pre-dependency problem:
 coreutils pre-depends on libselinux1 (>= 2.1.13)
  libselinux1 is not installed.

dpkg: warning: ignoring pre-dependency problem!
Preparing to unpack .../coreutils_8.26-3_amd64.deb ...
Unpacking coreutils (8.26-3) ...
Selecting previously unselected package dash.
Preparing to unpack .../dash_0.5.8-2.4_amd64.deb ...
Adding 'diversion of /bin/sh to /bin/sh.distrib by dash'
Adding 'diversion of /usr/share/man/man1/sh.1.gz to /usr/share/man/man1/sh.distrib.1.gz by dash'
Unpacking dash (0.5.8-2.4) ...
Selecting previously unselected package libdb5.3:amd64.
Preparing to unpack .../libdb5.3_5.3.28-12+deb9u1_amd64.deb ...
Unpacking libdb5.3:amd64 (5.3.28-12+deb9u1) ...
Preparing to unpack .../debconf_1.5.61_all.deb ...
Unpacking debconf (1.5.61) over (1.5.61) ...
Selecting previously unselected package debianutils.
Preparing to unpack .../debianutils_4.8.1.1_amd64.deb ...
Unpacking debianutils (4.8.1.1) ...
Selecting previously unselected package diffutils.
Preparing to unpack .../diffutils_1%3a3.5-3_amd64.deb ...
Unpacking diffutils (1:3.5-3) ...
dpkg: regarding .../dpkg_1.18.25_amd64.deb containing dpkg, pre-dependency problem:
 dpkg pre-depends on libbz2-1.0
  libbz2-1.0:amd64 is unpacked, but has never been configured.

dpkg: warning: ignoring pre-dependency problem!
dpkg: regarding .../dpkg_1.18.25_amd64.deb containing dpkg, pre-dependency problem:
 dpkg pre-depends on liblzma5 (>= 5.2.2)
  liblzma5 is not installed.

dpkg: warning: ignoring pre-dependency problem!
dpkg: regarding .../dpkg_1.18.25_amd64.deb containing dpkg, pre-dependency problem:
 dpkg pre-depends on libselinux1 (>= 2.3)
  libselinux1 is not installed.

dpkg: warning: ignoring pre-dependency problem!
dpkg: regarding .../dpkg_1.18.25_amd64.deb containing dpkg, pre-dependency problem:
 dpkg pre-depends on zlib1g (>= 1:1.1.4)
  zlib1g is not installed.

dpkg: warning: ignoring pre-dependency problem!
Preparing to unpack .../dpkg_1.18.25_amd64.deb ...
Unpacking dpkg (1.18.25) over (1.18.25) ...
Selecting previously unselected package e2fslibs:amd64.
Preparing to unpack .../e2fslibs_1.43.4-2_amd64.deb ...
Unpacking e2fslibs:amd64 (1.43.4-2) ...
Selecting previously unselected package e2fsprogs.
dpkg: regarding .../e2fsprogs_1.43.4-2_amd64.deb containing e2fsprogs, pre-dependency problem:
 e2fsprogs pre-depends on e2fslibs (= 1.43.4-2)
  e2fslibs:amd64 is unpacked, but has never been configured.

dpkg: warning: ignoring pre-dependency problem!
dpkg: regarding .../e2fsprogs_1.43.4-2_amd64.deb containing e2fsprogs, pre-dependency problem:
 e2fsprogs pre-depends on libblkid1 (>= 2.17.2)
  libblkid1 is not installed.

dpkg: warning: ignoring pre-dependency problem!
dpkg: regarding .../e2fsprogs_1.43.4-2_amd64.deb containing e2fsprogs, pre-dependency problem:
 e2fsprogs pre-depends on libcomerr2 (>= 1.42~WIP-2011-10-05-1)
  libcomerr2 is not installed.

dpkg: warning: ignoring pre-dependency problem!
dpkg: regarding .../e2fsprogs_1.43.4-2_amd64.deb containing e2fsprogs, pre-dependency problem:
 e2fsprogs pre-depends on libss2 (>= 1.34-1)
  libss2 is not installed.

dpkg: warning: ignoring pre-dependency problem!
dpkg: regarding .../e2fsprogs_1.43.4-2_amd64.deb containing e2fsprogs, pre-dependency problem:
 e2fsprogs pre-depends on libuuid1 (>= 2.16)
  libuuid1 is not installed.

dpkg: warning: ignoring pre-dependency problem!
dpkg: regarding .../e2fsprogs_1.43.4-2_amd64.deb containing e2fsprogs, pre-dependency problem:
 e2fsprogs pre-depends on util-linux (>= 2.15~rc1-1)
  util-linux is not installed.

dpkg: warning: ignoring pre-dependency problem!
Preparing to unpack .../e2fsprogs_1.43.4-2_amd64.deb ...
Unpacking e2fsprogs (1.43.4-2) ...
Selecting previously unselected package libcomerr2:amd64.
Preparing to unpack .../libcomerr2_1.43.4-2_amd64.deb ...
Unpacking libcomerr2:amd64 (1.43.4-2) ...
Selecting previously unselected package libss2:amd64.
Preparing to unpack .../libss2_1.43.4-2_amd64.deb ...
Unpacking libss2:amd64 (1.43.4-2) ...
Selecting previously unselected package findutils.
dpkg: regarding .../findutils_4.6.0+git+20161106-2_amd64.deb containing findutils, pre-dependency problem:
 findutils pre-depends on libselinux1 (>= 1.32)
  libselinux1 is not installed.

dpkg: warning: ignoring pre-dependency problem!
Preparing to unpack .../findutils_4.6.0+git+20161106-2_amd64.deb ...
Unpacking findutils (4.6.0+git+20161106-2) ...
Selecting previously unselected package gcc-6-base:amd64.
Preparing to unpack .../gcc-6-base_6.3.0-18+deb9u1_amd64.deb ...
Unpacking gcc-6-base:amd64 (6.3.0-18+deb9u1) ...
Selecting previously unselected package libgcc1:amd64.
Preparing to unpack .../libgcc1_1%3a6.3.0-18+deb9u1_amd64.deb ...
Unpacking libgcc1:amd64 (1:6.3.0-18+deb9u1) ...
Selecting previously unselected package libc-bin.
Preparing to unpack .../libc-bin_2.24-11+deb9u4_amd64.deb ...
Unpacking libc-bin (2.24-11+deb9u4) ...
Preparing to unpack .../libc6_2.24-11+deb9u4_amd64.deb ...
Unpacking libc6:amd64 (2.24-11+deb9u4) over (2.24-11+deb9u4) ...
Selecting previously unselected package multiarch-support.
Preparing to unpack .../multiarch-support_2.24-11+deb9u4_amd64.deb ...
Unpacking multiarch-support (2.24-11+deb9u4) ...
Selecting previously unselected package grep.
dpkg: regarding .../archives/grep_2.27-2_amd64.deb containing grep, pre-dependency problem:
 grep pre-depends on libpcre3
  libpcre3 is not installed.

dpkg: warning: ignoring pre-dependency problem!
Preparing to unpack .../archives/grep_2.27-2_amd64.deb ...
Unpacking grep (2.27-2) ...
Selecting previously unselected package gzip.
Preparing to unpack .../gzip_1.6-5+b1_amd64.deb ...
Unpacking gzip (1.6-5+b1) ...
Selecting previously unselected package hostname.
Preparing to unpack .../hostname_3.18+b1_amd64.deb ...
Unpacking hostname (3.18+b1) ...
Selecting previously unselected package init-system-helpers.
Preparing to unpack .../init-system-helpers_1.48_all.deb ...
Unpacking init-system-helpers (1.48) ...
Selecting previously unselected package libcap-ng0:amd64.
Preparing to unpack .../libcap-ng0_0.7.7-3+b1_amd64.deb ...
Unpacking libcap-ng0:amd64 (0.7.7-3+b1) ...
Selecting previously unselected package libgcrypt20:amd64.
Preparing to unpack .../libgcrypt20_1.7.6-2+deb9u3_amd64.deb ...
Unpacking libgcrypt20:amd64 (1.7.6-2+deb9u3) ...
Selecting previously unselected package libgpg-error0:amd64.
Preparing to unpack .../libgpg-error0_1.26-2_amd64.deb ...
Unpacking libgpg-error0:amd64 (1.26-2) ...
Selecting previously unselected package libselinux1:amd64.
Preparing to unpack .../libselinux1_2.6-3+b3_amd64.deb ...
Unpacking libselinux1:amd64 (2.6-3+b3) ...
Selecting previously unselected package libsemanage-common.
Preparing to unpack .../libsemanage-common_2.6-2_all.deb ...
Unpacking libsemanage-common (2.6-2) ...
Selecting previously unselected package libsemanage1:amd64.
Preparing to unpack .../libsemanage1_2.6-2_amd64.deb ...
Unpacking libsemanage1:amd64 (2.6-2) ...
Selecting previously unselected package libsepol1:amd64.
Preparing to unpack .../libsepol1_2.6-2_amd64.deb ...
Unpacking libsepol1:amd64 (2.6-2) ...
Selecting previously unselected package lsb-base.
Preparing to unpack .../lsb-base_9.20161125_all.deb ...
Unpacking lsb-base (9.20161125) ...
Selecting previously unselected package liblz4-1:amd64.
Preparing to unpack .../liblz4-1_0.0~r131-2+b1_amd64.deb ...
Unpacking liblz4-1:amd64 (0.0~r131-2+b1) ...
Preparing to unpack .../mawk_1.3.3-17+b3_amd64.deb ...
Unpacking mawk (1.3.3-17+b3) over (1.3.3-17+b3) ...
Selecting previously unselected package libncursesw5:amd64.
Preparing to unpack .../libncursesw5_6.0+20161126-1+deb9u2_amd64.deb ...
Unpacking libncursesw5:amd64 (6.0+20161126-1+deb9u2) ...
Selecting previously unselected package libtinfo5:amd64.
Preparing to unpack .../libtinfo5_6.0+20161126-1+deb9u2_amd64.deb ...
Unpacking libtinfo5:amd64 (6.0+20161126-1+deb9u2) ...
Selecting previously unselected package ncurses-base.
Preparing to unpack .../ncurses-base_6.0+20161126-1+deb9u2_all.deb ...
Unpacking ncurses-base (6.0+20161126-1+deb9u2) ...
Selecting previously unselected package ncurses-bin.
dpkg: regarding .../ncurses-bin_6.0+20161126-1+deb9u2_amd64.deb containing ncurses-bin, pre-dependency problem:
 ncurses-bin pre-depends on libtinfo5 (>= 6.0+20151017)
  libtinfo5:amd64 is unpacked, but has never been configured.

dpkg: warning: ignoring pre-dependency problem!
dpkg: regarding .../ncurses-bin_6.0+20161126-1+deb9u2_amd64.deb containing ncurses-bin, pre-dependency problem:
 ncurses-bin pre-depends on libtinfo5 (<< 6.1~)
  libtinfo5:amd64 is unpacked, but has never been configured.

dpkg: warning: ignoring pre-dependency problem!
Preparing to unpack .../ncurses-bin_6.0+20161126-1+deb9u2_amd64.deb ...
Unpacking ncurses-bin (6.0+20161126-1+deb9u2) ...
Selecting previously unselected package libpam-modules:amd64.
dpkg: regarding .../libpam-modules_1.1.8-3.6_amd64.deb containing libpam-modules:amd64, pre-dependency problem:
 libpam-modules pre-depends on libaudit1 (>= 1:2.2.1)
  libaudit1:amd64 is unpacked, but has never been configured.

dpkg: warning: ignoring pre-dependency problem!
dpkg: regarding .../libpam-modules_1.1.8-3.6_amd64.deb containing libpam-modules:amd64, pre-dependency problem:
 libpam-modules pre-depends on libdb5.3
  libdb5.3:amd64 is unpacked, but has never been configured.

dpkg: warning: ignoring pre-dependency problem!
dpkg: regarding .../libpam-modules_1.1.8-3.6_amd64.deb containing libpam-modules:amd64, pre-dependency problem:
 libpam-modules pre-depends on libpam0g (>= 1.1.3-2)
  libpam0g is not installed.

dpkg: warning: ignoring pre-dependency problem!
dpkg: regarding .../libpam-modules_1.1.8-3.6_amd64.deb containing libpam-modules:amd64, pre-dependency problem:
 libpam-modules pre-depends on libselinux1 (>= 2.1.9)
  libselinux1:amd64 is unpacked, but has never been configured.

dpkg: warning: ignoring pre-dependency problem!
dpkg: regarding .../libpam-modules_1.1.8-3.6_amd64.deb containing libpam-modules:amd64, pre-dependency problem:
 libpam-modules pre-depends on libpam-modules-bin (= 1.1.8-3.6)
  libpam-modules-bin is not installed.

dpkg: warning: ignoring pre-dependency problem!
Preparing to unpack .../libpam-modules_1.1.8-3.6_amd64.deb ...
Unpacking libpam-modules:amd64 (1.1.8-3.6) ...
Selecting previously unselected package libpam-modules-bin.
Preparing to unpack .../libpam-modules-bin_1.1.8-3.6_amd64.deb ...
Unpacking libpam-modules-bin (1.1.8-3.6) ...
Selecting previously unselected package libpam-runtime.
Preparing to unpack .../libpam-runtime_1.1.8-3.6_all.deb ...
Unpacking libpam-runtime (1.1.8-3.6) ...
Selecting previously unselected package libpam0g:amd64.
Preparing to unpack .../libpam0g_1.1.8-3.6_amd64.deb ...
Unpacking libpam0g:amd64 (1.1.8-3.6) ...
Selecting previously unselected package libpcre3:amd64.
dpkg: regarding .../libpcre3_2%3a8.39-3_amd64.deb containing libpcre3:amd64, pre-dependency problem:
 libpcre3 pre-depends on multiarch-support
  multiarch-support is unpacked, but has never been configured.

dpkg: warning: ignoring pre-dependency problem!
Preparing to unpack .../libpcre3_2%3a8.39-3_amd64.deb ...
Unpacking libpcre3:amd64 (2:8.39-3) ...
Preparing to unpack .../perl-base_5.24.1-3+deb9u5_amd64.deb ...
Unpacking perl-base (5.24.1-3+deb9u5) over (5.24.1-3+deb9u5) ...
Selecting previously unselected package sed.
dpkg: regarding .../archives/sed_4.4-1_amd64.deb containing sed, pre-dependency problem:
 sed pre-depends on libselinux1 (>= 1.32)
  libselinux1:amd64 is unpacked, but has never been configured.

dpkg: warning: ignoring pre-dependency problem!
Preparing to unpack .../archives/sed_4.4-1_amd64.deb ...
Unpacking sed (4.4-1) ...
Selecting previously unselected package sensible-utils.
Preparing to unpack .../sensible-utils_0.0.9+deb9u1_all.deb ...
Unpacking sensible-utils (0.0.9+deb9u1) ...
Selecting previously unselected package login.
dpkg: regarding .../login_1%3a4.4-4.1_amd64.deb containing login, pre-dependency problem:
 login pre-depends on libaudit1 (>= 1:2.2.1)
  libaudit1:amd64 is unpacked, but has never been configured.

dpkg: warning: ignoring pre-dependency problem!
dpkg: regarding .../login_1%3a4.4-4.1_amd64.deb containing login, pre-dependency problem:
 login pre-depends on libpam0g (>= 0.99.7.1)
  libpam0g:amd64 is unpacked, but has never been configured.

dpkg: warning: ignoring pre-dependency problem!
dpkg: regarding .../login_1%3a4.4-4.1_amd64.deb containing login, pre-dependency problem:
 login pre-depends on libpam-runtime
  libpam-runtime is unpacked, but has never been configured.

dpkg: warning: ignoring pre-dependency problem!
dpkg: regarding .../login_1%3a4.4-4.1_amd64.deb containing login, pre-dependency problem:
 login pre-depends on libpam-modules (>= 1.1.8-1)
  libpam-modules:amd64 is unpacked, but has never been configured.

dpkg: warning: ignoring pre-dependency problem!
Preparing to unpack .../login_1%3a4.4-4.1_amd64.deb ...
Unpacking login (1:4.4-4.1) ...
Selecting previously unselected package passwd.
Preparing to unpack .../passwd_1%3a4.4-4.1_amd64.deb ...
Unpacking passwd (1:4.4-4.1) ...
Selecting previously unselected package libsystemd0:amd64.
dpkg: regarding .../libsystemd0_232-25+deb9u12_amd64.deb containing libsystemd0:amd64, pre-dependency problem:
 libsystemd0 pre-depends on libgcrypt20 (>= 1.7.0)
  libgcrypt20:amd64 is unpacked, but has never been configured.

dpkg: warning: ignoring pre-dependency problem!
dpkg: regarding .../libsystemd0_232-25+deb9u12_amd64.deb containing libsystemd0:amd64, pre-dependency problem:
 libsystemd0 pre-depends on liblz4-1 (>= 0.0~r113)
  liblz4-1:amd64 is unpacked, but has never been configured.

dpkg: warning: ignoring pre-dependency problem!
dpkg: regarding .../libsystemd0_232-25+deb9u12_amd64.deb containing libsystemd0:amd64, pre-dependency problem:
 libsystemd0 pre-depends on liblzma5 (>= 5.1.1alpha+20120614)
  liblzma5 is not installed.

dpkg: warning: ignoring pre-dependency problem!
dpkg: regarding .../libsystemd0_232-25+deb9u12_amd64.deb containing libsystemd0:amd64, pre-dependency problem:
 libsystemd0 pre-depends on libselinux1 (>= 2.1.9)
  libselinux1:amd64 is unpacked, but has never been configured.

dpkg: warning: ignoring pre-dependency problem!
Preparing to unpack .../libsystemd0_232-25+deb9u12_amd64.deb ...
Unpacking libsystemd0:amd64 (232-25+deb9u12) ...
Selecting previously unselected package libudev1:amd64.
Preparing to unpack .../libudev1_232-25+deb9u12_amd64.deb ...
Unpacking libudev1:amd64 (232-25+deb9u12) ...
Selecting previously unselected package sysvinit-utils.
Preparing to unpack .../sysvinit-utils_2.88dsf-59.9_amd64.deb ...
Unpacking sysvinit-utils (2.88dsf-59.9) ...
Selecting previously unselected package tar.
dpkg: regarding .../tar_1.29b-1.1_amd64.deb containing tar, pre-dependency problem:
 tar pre-depends on libacl1 (>= 2.2.51-8)
  libacl1:amd64 is unpacked, but has never been configured.

dpkg: warning: ignoring pre-dependency problem!
dpkg: regarding .../tar_1.29b-1.1_amd64.deb containing tar, pre-dependency problem:
 tar pre-depends on libselinux1 (>= 1.32)
  libselinux1:amd64 is unpacked, but has never been configured.

dpkg: warning: ignoring pre-dependency problem!
Preparing to unpack .../tar_1.29b-1.1_amd64.deb ...
Unpacking tar (1.29b-1.1) ...
Selecting previously unselected package tzdata.
Preparing to unpack .../tzdata_2019b-0+deb9u1_all.deb ...
Unpacking tzdata (2019b-0+deb9u1) ...
Selecting previously unselected package libustr-1.0-1:amd64.
Preparing to unpack .../libustr-1.0-1_1.0.4-6_amd64.deb ...
Unpacking libustr-1.0-1:amd64 (1.0.4-6) ...
Selecting previously unselected package bsdutils.
dpkg: regarding .../bsdutils_1%3a2.29.2-1+deb9u1_amd64.deb containing bsdutils, pre-dependency problem:
 bsdutils pre-depends on libsystemd0
  libsystemd0:amd64 is unpacked, but has never been configured.

dpkg: warning: ignoring pre-dependency problem!
Preparing to unpack .../bsdutils_1%3a2.29.2-1+deb9u1_amd64.deb ...
Unpacking bsdutils (1:2.29.2-1+deb9u1) ...
Selecting previously unselected package libblkid1:amd64.
Preparing to unpack .../libblkid1_2.29.2-1+deb9u1_amd64.deb ...
Unpacking libblkid1:amd64 (2.29.2-1+deb9u1) ...
Selecting previously unselected package libfdisk1:amd64.
Preparing to unpack .../libfdisk1_2.29.2-1+deb9u1_amd64.deb ...
Unpacking libfdisk1:amd64 (2.29.2-1+deb9u1) ...
Selecting previously unselected package libmount1:amd64.
Preparing to unpack .../libmount1_2.29.2-1+deb9u1_amd64.deb ...
Unpacking libmount1:amd64 (2.29.2-1+deb9u1) ...
Selecting previously unselected package libsmartcols1:amd64.
Preparing to unpack .../libsmartcols1_2.29.2-1+deb9u1_amd64.deb ...
Unpacking libsmartcols1:amd64 (2.29.2-1+deb9u1) ...
Selecting previously unselected package libuuid1:amd64.
Preparing to unpack .../libuuid1_2.29.2-1+deb9u1_amd64.deb ...
Unpacking libuuid1:amd64 (2.29.2-1+deb9u1) ...
Selecting previously unselected package mount.
dpkg: regarding .../mount_2.29.2-1+deb9u1_amd64.deb containing mount, pre-dependency problem:
 mount pre-depends on libblkid1 (>= 2.17.2)
  libblkid1:amd64 is unpacked, but has never been configured.

dpkg: warning: ignoring pre-dependency problem!
dpkg: regarding .../mount_2.29.2-1+deb9u1_amd64.deb containing mount, pre-dependency problem:
 mount pre-depends on libmount1 (>= 2.25)
  libmount1:amd64 is unpacked, but has never been configured.

dpkg: warning: ignoring pre-dependency problem!
dpkg: regarding .../mount_2.29.2-1+deb9u1_amd64.deb containing mount, pre-dependency problem:
 mount pre-depends on libselinux1 (>= 2.6-3~)
  libselinux1:amd64 is unpacked, but has never been configured.

dpkg: warning: ignoring pre-dependency problem!
dpkg: regarding .../mount_2.29.2-1+deb9u1_amd64.deb containing mount, pre-dependency problem:
 mount pre-depends on libsmartcols1 (>= 2.28~rc1)
  libsmartcols1:amd64 is unpacked, but has never been configured.

dpkg: warning: ignoring pre-dependency problem!
dpkg: regarding .../mount_2.29.2-1+deb9u1_amd64.deb containing mount, pre-dependency problem:
 mount pre-depends on libudev1 (>= 183)
  libudev1:amd64 is unpacked, but has never been configured.

dpkg: warning: ignoring pre-dependency problem!
Preparing to unpack .../mount_2.29.2-1+deb9u1_amd64.deb ...
Unpacking mount (2.29.2-1+deb9u1) ...
Selecting previously unselected package util-linux.
dpkg: regarding .../util-linux_2.29.2-1+deb9u1_amd64.deb containing util-linux, pre-dependency problem:
 util-linux pre-depends on libblkid1 (>= 2.25)
  libblkid1:amd64 is unpacked, but has never been configured.

dpkg: warning: ignoring pre-dependency problem!
dpkg: regarding .../util-linux_2.29.2-1+deb9u1_amd64.deb containing util-linux, pre-dependency problem:
 util-linux pre-depends on libfdisk1 (>= 2.29~rc2)
  libfdisk1:amd64 is unpacked, but has never been configured.

dpkg: warning: ignoring pre-dependency problem!
dpkg: regarding .../util-linux_2.29.2-1+deb9u1_amd64.deb containing util-linux, pre-dependency problem:
 util-linux pre-depends on libmount1 (>= 2.25)
  libmount1:amd64 is unpacked, but has never been configured.

dpkg: warning: ignoring pre-dependency problem!
dpkg: regarding .../util-linux_2.29.2-1+deb9u1_amd64.deb containing util-linux, pre-dependency problem:
 util-linux pre-depends on libncursesw5 (>= 6)
  libncursesw5:amd64 is unpacked, but has never been configured.

dpkg: warning: ignoring pre-dependency problem!
dpkg: regarding .../util-linux_2.29.2-1+deb9u1_amd64.deb containing util-linux, pre-dependency problem:
 util-linux pre-depends on libpam0g (>= 0.99.7.1)
  libpam0g:amd64 is unpacked, but has never been configured.

dpkg: warning: ignoring pre-dependency problem!
dpkg: regarding .../util-linux_2.29.2-1+deb9u1_amd64.deb containing util-linux, pre-dependency problem:
 util-linux pre-depends on libselinux1 (>= 2.6-3~)
  libselinux1:amd64 is unpacked, but has never been configured.

dpkg: warning: ignoring pre-dependency problem!
dpkg: regarding .../util-linux_2.29.2-1+deb9u1_amd64.deb containing util-linux, pre-dependency problem:
 util-linux pre-depends on libsmartcols1 (>= 2.28~rc1)
  libsmartcols1:amd64 is unpacked, but has never been configured.

dpkg: warning: ignoring pre-dependency problem!
dpkg: regarding .../util-linux_2.29.2-1+deb9u1_amd64.deb containing util-linux, pre-dependency problem:
 util-linux pre-depends on libsystemd0
  libsystemd0:amd64 is unpacked, but has never been configured.

dpkg: warning: ignoring pre-dependency problem!
dpkg: regarding .../util-linux_2.29.2-1+deb9u1_amd64.deb containing util-linux, pre-dependency problem:
 util-linux pre-depends on libtinfo5 (>= 6)
  libtinfo5:amd64 is unpacked, but has never been configured.

dpkg: warning: ignoring pre-dependency problem!
dpkg: regarding .../util-linux_2.29.2-1+deb9u1_amd64.deb containing util-linux, pre-dependency problem:
 util-linux pre-depends on libudev1 (>= 183)
  libudev1:amd64 is unpacked, but has never been configured.

dpkg: warning: ignoring pre-dependency problem!
dpkg: regarding .../util-linux_2.29.2-1+deb9u1_amd64.deb containing util-linux, pre-dependency problem:
 util-linux pre-depends on libuuid1 (>= 2.16)
  libuuid1:amd64 is unpacked, but has never been configured.

dpkg: warning: ignoring pre-dependency problem!
dpkg: regarding .../util-linux_2.29.2-1+deb9u1_amd64.deb containing util-linux, pre-dependency problem:
 util-linux pre-depends on zlib1g (>= 1:1.1.4)
  zlib1g is not installed.

dpkg: warning: ignoring pre-dependency problem!
Preparing to unpack .../util-linux_2.29.2-1+deb9u1_amd64.deb ...
Unpacking util-linux (2.29.2-1+deb9u1) ...
Selecting previously unselected package liblzma5:amd64.
Preparing to unpack .../liblzma5_5.2.2-1.2+b1_amd64.deb ...
Unpacking liblzma5:amd64 (5.2.2-1.2+b1) ...
Selecting previously unselected package zlib1g:amd64.
Preparing to unpack .../zlib1g_1%3a1.2.8.dfsg-5_amd64.deb ...
Unpacking zlib1g:amd64 (1:1.2.8.dfsg-5) ...
Setting up gcc-6-base:amd64 (6.3.0-18+deb9u1) ...
Setting up lsb-base (9.20161125) ...
Setting up sensible-utils (0.0.9+deb9u1) ...
Setting up ncurses-base (6.0+20161126-1+deb9u2) ...
Setting up libsemanage-common (2.6-2) ...
Setting up libaudit-common (1:2.6.7-2) ...
Setting up libc6:amd64 (2.24-11+deb9u4) ...
Setting up libbz2-1.0:amd64 (1.0.6-8.1) ...
Setting up libgpg-error0:amd64 (1.26-2) ...
Setting up libc-bin (2.24-11+deb9u4) ...
Setting up libdebconfclient0:amd64 (0.227) ...
Setting up diffutils (1:3.5-3) ...
Setting up libcomerr2:amd64 (1.43.4-2) ...
Setting up libcap-ng0:amd64 (0.7.7-3+b1) ...
Setting up libsepol1:amd64 (2.6-2) ...
Setting up libgcc1:amd64 (1:6.3.0-18+deb9u1) ...
Setting up libustr-1.0-1:amd64 (1.0.4-6) ...
Setting up libsmartcols1:amd64 (2.29.2-1+deb9u1) ...
Setting up libaudit1:amd64 (1:2.6.7-2) ...
Setting up libtinfo5:amd64 (6.0+20161126-1+deb9u2) ...
Setting up libudev1:amd64 (232-25+deb9u12) ...
Setting up libattr1:amd64 (1:2.4.47-2+b2) ...
Setting up libss2:amd64 (1.43.4-2) ...
Setting up liblzma5:amd64 (5.2.2-1.2+b1) ...
Setting up base-passwd (3.5.43) ...
Setting up e2fslibs:amd64 (1.43.4-2) ...
Setting up liblz4-1:amd64 (0.0~r131-2+b1) ...
Setting up debianutils (4.8.1.1) ...
Setting up libgcrypt20:amd64 (1.7.6-2+deb9u3) ...
Setting up libncursesw5:amd64 (6.0+20161126-1+deb9u2) ...
Setting up libdb5.3:amd64 (5.3.28-12+deb9u1) ...
Setting up zlib1g:amd64 (1:1.2.8.dfsg-5) ...
Setting up hostname (3.18+b1) ...
Setting up multiarch-support (2.24-11+deb9u4) ...
Setting up mawk (1.3.3-17+b3) ...
Setting up libpcre3:amd64 (2:8.39-3) ...
Setting up base-files (9.9+deb9u10) ...
Setting up libselinux1:amd64 (2.6-3+b3) ...
Setting up findutils (4.6.0+git+20161106-2) ...
Setting up libacl1:amd64 (2.2.52-3+b1) ...
Setting up ncurses-bin (6.0+20161126-1+deb9u2) ...
Setting up sed (4.4-1) ...
Setting up libsystemd0:amd64 (232-25+deb9u12) ...
Setting up coreutils (8.26-3) ...
Setting up tar (1.29b-1.1) ...
update-alternatives: using /usr/sbin/rmt-tar to provide /usr/sbin/rmt (rmt) in auto mode
Setting up libsemanage1:amd64 (2.6-2) ...
Setting up dpkg (1.18.25) ...
Setting up perl-base (5.24.1-3+deb9u5) ...
Setting up grep (2.27-2) ...
Setting up debconf (1.5.61) ...
Setting up tzdata (2019b-0+deb9u1) ...

Current default time zone: 'Etc/UTC'
Local time is now:      Sun Sep  8 04:54:48 UTC 2019.
Universal Time is now:  Sun Sep  8 04:54:48 UTC 2019.
Run 'dpkg-reconfigure tzdata' if you wish to change it.

Setting up gzip (1.6-5+b1) ...
Setting up bsdutils (1:2.29.2-1+deb9u1) ...
Setting up dash (0.5.8-2.4) ...
Setting up init-system-helpers (1.48) ...
Setting up libpam0g:amd64 (1.1.8-3.6) ...
Setting up libpam-modules-bin (1.1.8-3.6) ...
Setting up bash (4.4-5) ...
update-alternatives: using /usr/share/man/man7/bash-builtins.7.gz to provide /usr/share/man/man7/builtins.7.gz (builtins.7.gz) in auto mode
Setting up libpam-modules:amd64 (1.1.8-3.6) ...
Setting up libpam-runtime (1.1.8-3.6) ...
Setting up passwd (1:4.4-4.1) ...
Shadow passwords are now on.
Setting up login (1:4.4-4.1) ...
Setting up libuuid1:amd64 (2.29.2-1+deb9u1) ...
Setting up libblkid1:amd64 (2.29.2-1+deb9u1) ...
Setting up libmount1:amd64 (2.29.2-1+deb9u1) ...
Setting up mount (2.29.2-1+deb9u1) ...
Setting up libfdisk1:amd64 (2.29.2-1+deb9u1) ...
Setting up util-linux (2.29.2-1+deb9u1) ...
update-alternatives: using /bin/more to provide /usr/bin/pager (pager) in auto mode
Setting up e2fsprogs (1.43.4-2) ...
Setting up sysvinit-utils (2.88dsf-59.9) ...
Processing triggers for libc-bin (2.24-11+deb9u4) ...
(Reading database ... 5912 files and directories currently installed.)
Preparing to unpack .../archives/adduser_3.115_all.deb ...
Unpacking adduser (3.115) ...
Preparing to unpack .../libapparmor1_2.11.0-3+deb9u2_amd64.deb ...
Unpacking libapparmor1:amd64 (2.11.0-3+deb9u2) ...
Preparing to unpack .../libcryptsetup4_2%3a1.7.3-4_amd64.deb ...
Unpacking libcryptsetup4:amd64 (2:1.7.3-4) ...
Preparing to unpack .../libip4tc0_1.6.0+snapshot20161117-6_amd64.deb ...
Unpacking libip4tc0:amd64 (1.6.0+snapshot20161117-6) ...
Preparing to unpack .../libkmod2_23-2_amd64.deb ...
Unpacking libkmod2:amd64 (23-2) ...
Preparing to unpack .../libcap2_1%3a2.25-1_amd64.deb ...
Unpacking libcap2:amd64 (1:2.25-1) ...
Preparing to unpack .../libidn11_1.33-1_amd64.deb ...
Unpacking libidn11:amd64 (1.33-1) ...
Preparing to unpack .../libseccomp2_2.3.1-2.1+deb9u1_amd64.deb ...
Unpacking libseccomp2:amd64 (2.3.1-2.1+deb9u1) ...
Preparing to unpack .../dmsetup_2%3a1.02.137-2_amd64.deb ...
Unpacking dmsetup (2:1.02.137-2) ...
Preparing to unpack .../libdevmapper1.02.1_2%3a1.02.137-2_amd64.deb ...
Unpacking libdevmapper1.02.1:amd64 (2:1.02.137-2) ...
Preparing to unpack .../libncurses5_6.0+20161126-1+deb9u2_amd64.deb ...
Unpacking libncurses5:amd64 (6.0+20161126-1+deb9u2) ...
Preparing to unpack .../libprocps6_2%3a3.3.12-3+deb9u1_amd64.deb ...
Unpacking libprocps6:amd64 (2:3.3.12-3+deb9u1) ...
Preparing to unpack .../procps_2%3a3.3.12-3+deb9u1_amd64.deb ...
Unpacking procps (2:3.3.12-3+deb9u1) ...
Preparing to unpack .../systemd_232-25+deb9u12_amd64.deb ...
Unpacking systemd (232-25+deb9u12) ...
Setting up adduser (3.115) ...
Setting up libapparmor1:amd64 (2.11.0-3+deb9u2) ...
Setting up libip4tc0:amd64 (1.6.0+snapshot20161117-6) ...
Setting up libkmod2:amd64 (23-2) ...
Setting up libcap2:amd64 (1:2.25-1) ...
Setting up libidn11:amd64 (1.33-1) ...
Setting up libseccomp2:amd64 (2.3.1-2.1+deb9u1) ...
Setting up libncurses5:amd64 (6.0+20161126-1+deb9u2) ...
Setting up libprocps6:amd64 (2:3.3.12-3+deb9u1) ...
Setting up procps (2:3.3.12-3+deb9u1) ...
update-alternatives: using /usr/bin/w.procps to provide /usr/bin/w (w) in auto mode
Setting up libdevmapper1.02.1:amd64 (2:1.02.137-2) ...
Setting up libcryptsetup4:amd64 (2:1.7.3-4) ...
Setting up dmsetup (2:1.02.137-2) ...
Setting up systemd (232-25+deb9u12) ...
Created symlink /etc/systemd/system/getty.target.wants/getty@tty1.service -> /lib/systemd/system/getty@.service.
Created symlink /etc/systemd/system/multi-user.target.wants/remote-fs.target -> /lib/systemd/system/remote-fs.target.
Created symlink /etc/systemd/system/sysinit.target.wants/systemd-timesyncd.service -> /lib/systemd/system/systemd-timesyncd.service.
Initializing machine ID from random generator.
Adding group `systemd-journal' (GID 101) ...
Done.
Processing triggers for libc-bin (2.24-11+deb9u4) ...
(Reading database ... 6851 files and directories currently installed.)
Preparing to unpack .../systemd-sysv_232-25+deb9u12_amd64.deb ...
Unpacking systemd-sysv (232-25+deb9u12) ...
Setting up systemd-sysv (232-25+deb9u12) ...
(Reading database ... 6868 files and directories currently installed.)
Preparing to unpack .../archives/apt_1.4.9_amd64.deb ...
Unpacking apt (1.4.9) ...
Preparing to unpack .../apt-utils_1.4.9_amd64.deb ...
Unpacking apt-utils (1.4.9) ...
Preparing to unpack .../libapt-inst2.0_1.4.9_amd64.deb ...
Unpacking libapt-inst2.0:amd64 (1.4.9) ...
Preparing to unpack .../libapt-pkg5.0_1.4.9_amd64.deb ...
Unpacking libapt-pkg5.0:amd64 (1.4.9) ...
Preparing to unpack .../libdns-export162_1%3a9.10.3.dfsg.P4-12.3+deb9u5_amd64.deb ...
Unpacking libdns-export162 (1:9.10.3.dfsg.P4-12.3+deb9u5) ...
Preparing to unpack .../libisc-export160_1%3a9.10.3.dfsg.P4-12.3+deb9u5_amd64.deb ...
Unpacking libisc-export160 (1:9.10.3.dfsg.P4-12.3+deb9u5) ...
Preparing to unpack .../bsdmainutils_9.0.12+nmu1_amd64.deb ...
Unpacking bsdmainutils (9.0.12+nmu1) ...
Preparing to unpack .../cpio_2.11+dfsg-6_amd64.deb ...
Unpacking cpio (2.11+dfsg-6) ...
Preparing to unpack .../cron_3.0pl1-128+deb9u1_amd64.deb ...
Unpacking cron (3.0pl1-128+deb9u1) ...
Preparing to unpack .../debconf-i18n_1.5.61_all.deb ...
Unpacking debconf-i18n (1.5.61) ...
Preparing to unpack .../debian-archive-keyring_2017.5+deb9u1_all.deb ...
Unpacking debian-archive-keyring (2017.5+deb9u1) ...
Preparing to unpack .../dmidecode_3.0-4_amd64.deb ...
Unpacking dmidecode (3.0-4) ...
Preparing to unpack .../libelf1_0.168-1_amd64.deb ...
Unpacking libelf1:amd64 (0.168-1) ...
Preparing to unpack .../libstdc++6_6.3.0-18+deb9u1_amd64.deb ...
Unpacking libstdc++6:amd64 (6.3.0-18+deb9u1) ...
Preparing to unpack .../libgdbm3_1.8.3-14_amd64.deb ...
Unpacking libgdbm3:amd64 (1.8.3-14) ...
Preparing to unpack .../libgmp10_2%3a6.1.2+dfsg-1_amd64.deb ...
Unpacking libgmp10:amd64 (2:6.1.2+dfsg-1) ...
Preparing to unpack .../gnupg_2.1.18-8~deb9u4_amd64.deb ...
Unpacking gnupg (2.1.18-8~deb9u4) ...
Preparing to unpack .../gnupg-agent_2.1.18-8~deb9u4_amd64.deb ...
Unpacking gnupg-agent (2.1.18-8~deb9u4) ...
Preparing to unpack .../gpgv_2.1.18-8~deb9u4_amd64.deb ...
Unpacking gpgv (2.1.18-8~deb9u4) ...
Preparing to unpack .../libgnutls30_3.5.8-5+deb9u4_amd64.deb ...
Unpacking libgnutls30:amd64 (3.5.8-5+deb9u4) ...
Preparing to unpack .../ifupdown_0.8.19_amd64.deb ...
Unpacking ifupdown (0.8.19) ...
Preparing to unpack .../archives/init_1.48_amd64.deb ...
Unpacking init (1.48) ...
Preparing to unpack .../iproute2_4.9.0-1+deb9u1_amd64.deb ...
Unpacking iproute2 (4.9.0-1+deb9u1) ...
Preparing to unpack .../iptables_1.6.0+snapshot20161117-6_amd64.deb ...
Unpacking iptables (1.6.0+snapshot20161117-6) ...
Preparing to unpack .../libip6tc0_1.6.0+snapshot20161117-6_amd64.deb ...
Unpacking libip6tc0:amd64 (1.6.0+snapshot20161117-6) ...
Preparing to unpack .../libiptc0_1.6.0+snapshot20161117-6_amd64.deb ...
Unpacking libiptc0:amd64 (1.6.0+snapshot20161117-6) ...
Preparing to unpack .../libxtables12_1.6.0+snapshot20161117-6_amd64.deb ...
Unpacking libxtables12:amd64 (1.6.0+snapshot20161117-6) ...
Preparing to unpack .../iputils-ping_3%3a20161105-1_amd64.deb ...
Unpacking iputils-ping (3:20161105-1) ...
Preparing to unpack .../isc-dhcp-client_4.3.5-3+deb9u1_amd64.deb ...
Unpacking isc-dhcp-client (4.3.5-3+deb9u1) ...
Preparing to unpack .../isc-dhcp-common_4.3.5-3+deb9u1_amd64.deb ...
Unpacking isc-dhcp-common (4.3.5-3+deb9u1) ...
Preparing to unpack .../archives/kmod_23-2_amd64.deb ...
Unpacking kmod (23-2) ...
Preparing to unpack .../libassuan0_2.4.3-2_amd64.deb ...
Unpacking libassuan0:amd64 (2.4.3-2) ...
Preparing to unpack .../libbsd0_0.8.3-1_amd64.deb ...
Unpacking libbsd0:amd64 (0.8.3-1) ...
Preparing to unpack .../libestr0_0.1.10-2_amd64.deb ...
Unpacking libestr0 (0.1.10-2) ...
Preparing to unpack .../libfastjson4_0.99.4-1_amd64.deb ...
Unpacking libfastjson4:amd64 (0.99.4-1) ...
Preparing to unpack .../libffi6_3.2.1-6_amd64.deb ...
Unpacking libffi6:amd64 (3.2.1-6) ...
Preparing to unpack .../libidn2-0_0.16-1+deb9u1_amd64.deb ...
Unpacking libidn2-0:amd64 (0.16-1+deb9u1) ...
Preparing to unpack .../libksba8_1.3.5-2_amd64.deb ...
Unpacking libksba8:amd64 (1.3.5-2) ...
Preparing to unpack .../liblocale-gettext-perl_1.07-3+b1_amd64.deb ...
Unpacking liblocale-gettext-perl (1.07-3+b1) ...
Preparing to unpack .../liblogging-stdlog0_1.0.5-2+b2_amd64.deb ...
Unpacking liblogging-stdlog0:amd64 (1.0.5-2+b2) ...
Preparing to unpack .../liblognorm5_2.0.1-1.1+b1_amd64.deb ...
Unpacking liblognorm5:amd64 (2.0.1-1.1+b1) ...
Preparing to unpack .../libmnl0_1.0.4-2_amd64.deb ...
Unpacking libmnl0:amd64 (1.0.4-2) ...
Preparing to unpack .../libnetfilter-conntrack3_1.0.6-2_amd64.deb ...
Unpacking libnetfilter-conntrack3:amd64 (1.0.6-2) ...
Preparing to unpack .../libnfnetlink0_1.0.1-3_amd64.deb ...
Unpacking libnfnetlink0:amd64 (1.0.1-3) ...
Preparing to unpack .../libpipeline1_1.4.1-2_amd64.deb ...
Unpacking libpipeline1:amd64 (1.4.1-2) ...
Preparing to unpack .../libpsl5_0.17.0-3_amd64.deb ...
Unpacking libpsl5:amd64 (0.17.0-3) ...
Preparing to unpack .../libtasn1-6_4.10-1.1+deb9u1_amd64.deb ...
Unpacking libtasn1-6:amd64 (4.10-1.1+deb9u1) ...
Preparing to unpack .../libtext-charwidth-perl_0.04-7+b5_amd64.deb ...
Unpacking libtext-charwidth-perl (0.04-7+b5) ...
Preparing to unpack .../libtext-iconv-perl_1.7-5+b4_amd64.deb ...
Unpacking libtext-iconv-perl (1.7-5+b4) ...
Preparing to unpack .../libtext-wrapi18n-perl_0.06-7.1_all.deb ...
Unpacking libtext-wrapi18n-perl (0.06-7.1) ...
Preparing to unpack .../libunistring0_0.9.6+really0.9.3-0.1_amd64.deb ...
Unpacking libunistring0:amd64 (0.9.6+really0.9.3-0.1) ...
Preparing to unpack .../logrotate_3.11.0-0.1_amd64.deb ...
Unpacking logrotate (3.11.0-0.1) ...
Preparing to unpack .../nano_2.7.4-1_amd64.deb ...
Unpacking nano (2.7.4-1) ...
Preparing to unpack .../archives/netbase_5.4_all.deb ...
Unpacking netbase (5.4) ...
Preparing to unpack .../libhogweed4_3.3-1+b2_amd64.deb ...
Unpacking libhogweed4:amd64 (3.3-1+b2) ...
Preparing to unpack .../libnettle6_3.3-1+b2_amd64.deb ...
Unpacking libnettle6:amd64 (3.3-1+b2) ...
Preparing to unpack .../libnewt0.52_0.52.19-1+b1_amd64.deb ...
Unpacking libnewt0.52:amd64 (0.52.19-1+b1) ...
Preparing to unpack .../whiptail_0.52.19-1+b1_amd64.deb ...
Unpacking whiptail (0.52.19-1+b1) ...
Preparing to unpack .../libnpth0_1.3-1_amd64.deb ...
Unpacking libnpth0:amd64 (1.3-1) ...
Preparing to unpack .../libssl1.1_1.1.0k-1~deb9u1_amd64.deb ...
Unpacking libssl1.1:amd64 (1.1.0k-1~deb9u1) ...
Preparing to unpack .../libssl1.0.2_1.0.2s-1~deb9u1_amd64.deb ...
Unpacking libssl1.0.2:amd64 (1.0.2s-1~deb9u1) ...
Preparing to unpack .../libp11-kit0_0.23.3-2_amd64.deb ...
Unpacking libp11-kit0:amd64 (0.23.3-2) ...
Preparing to unpack .../pinentry-curses_1.0.0-2_amd64.deb ...
Unpacking pinentry-curses (1.0.0-2) ...
Preparing to unpack .../libpopt0_1.16-10+b2_amd64.deb ...
Unpacking libpopt0:amd64 (1.16-10+b2) ...
Preparing to unpack .../libreadline7_7.0-3_amd64.deb ...
Unpacking libreadline7:amd64 (7.0-3) ...
Preparing to unpack .../readline-common_7.0-3_all.deb ...
Unpacking readline-common (7.0-3) ...
Preparing to unpack .../rsyslog_8.24.0-1_amd64.deb ...
Unpacking rsyslog (8.24.0-1) ...
Preparing to unpack .../libslang2_2.3.1-5_amd64.deb ...
Unpacking libslang2:amd64 (2.3.1-5) ...
Preparing to unpack .../libsqlite3-0_3.16.2-5+deb9u1_amd64.deb ...
Unpacking libsqlite3-0:amd64 (3.16.2-5+deb9u1) ...
Preparing to unpack .../udev_232-25+deb9u12_amd64.deb ...
Unpacking udev (232-25+deb9u12) ...
Preparing to unpack .../archives/tasksel_3.39_all.deb ...
Unpacking tasksel (3.39) ...
Preparing to unpack .../tasksel-data_3.39_all.deb ...
Unpacking tasksel-data (3.39) ...
Preparing to unpack .../vim-common_2%3a8.0.0197-4+deb9u3_all.deb ...
Unpacking vim-common (2:8.0.0197-4+deb9u3) ...
Preparing to unpack .../vim-tiny_2%3a8.0.0197-4+deb9u3_amd64.deb ...
Unpacking vim-tiny (2:8.0.0197-4+deb9u3) ...
Preparing to unpack .../xxd_2%3a8.0.0197-4+deb9u3_amd64.deb ...
Unpacking xxd (2:8.0.0197-4+deb9u3) ...
Preparing to unpack .../wget_1.18-5+deb9u3_amd64.deb ...
Unpacking wget (1.18-5+deb9u3) ...
Preparing to unpack .../libxapian30_1.4.3-2+deb9u3_amd64.deb ...
Unpacking libxapian30:amd64 (1.4.3-2+deb9u3) ...
Processing triggers for libc-bin (2.24-11+deb9u4) ...
Processing triggers for systemd (232-25+deb9u12) ...
Setting up libnpth0:amd64 (1.3-1) ...
Setting up readline-common (7.0-3) ...
Setting up libgdbm3:amd64 (1.8.3-14) ...
Setting up libnettle6:amd64 (3.3-1+b2) ...
Setting up cpio (2.11+dfsg-6) ...
update-alternatives: using /bin/mt-gnu to provide /bin/mt (mt) in auto mode
Setting up libpopt0:amd64 (1.16-10+b2) ...
Setting up kmod (23-2) ...
Setting up libestr0 (0.1.10-2) ...
Setting up libisc-export160 (1:9.10.3.dfsg.P4-12.3+deb9u5) ...
Setting up xxd (2:8.0.0197-4+deb9u3) ...
Setting up libfastjson4:amd64 (0.99.4-1) ...
Setting up isc-dhcp-common (4.3.5-3+deb9u1) ...
Setting up dmidecode (3.0-4) ...
Setting up libreadline7:amd64 (7.0-3) ...
Setting up init (1.48) ...
Setting up libelf1:amd64 (0.168-1) ...
Setting up gpgv (2.1.18-8~deb9u4) ...
Setting up liblogging-stdlog0:amd64 (1.0.5-2+b2) ...
Setting up libpipeline1:amd64 (1.4.1-2) ...
Setting up libksba8:amd64 (1.3.5-2) ...
Setting up libbsd0:amd64 (0.8.3-1) ...
Setting up liblognorm5:amd64 (2.0.1-1.1+b1) ...
Setting up libtasn1-6:amd64 (4.10-1.1+deb9u1) ...
Setting up libssl1.0.2:amd64 (1.0.2s-1~deb9u1) ...
Setting up nano (2.7.4-1) ...
update-alternatives: using /bin/nano to provide /usr/bin/editor (editor) in auto mode
update-alternatives: using /bin/nano to provide /usr/bin/pico (pico) in auto mode
Setting up libgmp10:amd64 (2:6.1.2+dfsg-1) ...
Setting up libxtables12:amd64 (1.6.0+snapshot20161117-6) ...
Setting up udev (232-25+deb9u12) ...
Adding group `input' (GID 106) ...
Done.
A chroot environment has been detected, udev not started.
Setting up libunistring0:amd64 (0.9.6+really0.9.3-0.1) ...
Setting up libssl1.1:amd64 (1.1.0k-1~deb9u1) ...
Setting up debian-archive-keyring (2017.5+deb9u1) ...
Setting up libtext-iconv-perl (1.7-5+b4) ...
Setting up vim-common (2:8.0.0197-4+deb9u3) ...
Setting up libsqlite3-0:amd64 (3.16.2-5+deb9u1) ...
Setting up liblocale-gettext-perl (1.07-3+b1) ...
Setting up libnfnetlink0:amd64 (1.0.1-3) ...
Setting up libstdc++6:amd64 (6.3.0-18+deb9u1) ...
Setting up libffi6:amd64 (3.2.1-6) ...
Setting up libtext-charwidth-perl (0.04-7+b5) ...
Setting up bsdmainutils (9.0.12+nmu1) ...
update-alternatives: using /usr/bin/bsd-write to provide /usr/bin/write (write) in auto mode
update-alternatives: using /usr/bin/bsd-from to provide /usr/bin/from (from) in auto mode
Setting up libslang2:amd64 (2.3.1-5) ...
Setting up cron (3.0pl1-128+deb9u1) ...
Adding group `crontab' (GID 107) ...
Done.
Created symlink /etc/systemd/system/multi-user.target.wants/cron.service -> /lib/systemd/system/cron.service.
update-rc.d: warning: start and stop actions are no longer supported; falling back to defaults
Running in chroot, ignoring request.
invoke-rc.d: policy-rc.d denied execution of start.
Setting up libmnl0:amd64 (1.0.4-2) ...
Setting up libassuan0:amd64 (2.4.3-2) ...
Setting up logrotate (3.11.0-0.1) ...
Setting up rsyslog (8.24.0-1) ...
Created symlink /etc/systemd/system/syslog.service -> /lib/systemd/system/rsyslog.service.
Created symlink /etc/systemd/system/multi-user.target.wants/rsyslog.service -> /lib/systemd/system/rsyslog.service.
Running in chroot, ignoring request.
invoke-rc.d: policy-rc.d denied execution of start.
Setting up libip6tc0:amd64 (1.6.0+snapshot20161117-6) ...
Setting up netbase (5.4) ...
Setting up iputils-ping (3:20161105-1) ...
Setcap is not installed, falling back to setuid
Setting up vim-tiny (2:8.0.0197-4+deb9u3) ...
update-alternatives: using /usr/bin/vim.tiny to provide /usr/bin/rview (rview) in auto mode
update-alternatives: using /usr/bin/vim.tiny to provide /usr/bin/vi (vi) in auto mode
update-alternatives: using /usr/bin/vim.tiny to provide /usr/bin/view (view) in auto mode
update-alternatives: using /usr/bin/vim.tiny to provide /usr/bin/ex (ex) in auto mode
Setting up libapt-pkg5.0:amd64 (1.4.9) ...
Setting up libapt-inst2.0:amd64 (1.4.9) ...
Setting up libxapian30:amd64 (1.4.3-2+deb9u3) ...
Setting up libidn2-0:amd64 (0.16-1+deb9u1) ...
Setting up libnetfilter-conntrack3:amd64 (1.0.6-2) ...
Setting up libpsl5:amd64 (0.17.0-3) ...
Setting up libdns-export162 (1:9.10.3.dfsg.P4-12.3+deb9u5) ...
Setting up libiptc0:amd64 (1.6.0+snapshot20161117-6) ...
Setting up iproute2 (4.9.0-1+deb9u1) ...
Setting up isc-dhcp-client (4.3.5-3+deb9u1) ...
Setting up libhogweed4:amd64 (3.3-1+b2) ...
Setting up iptables (1.6.0+snapshot20161117-6) ...
Setting up libtext-wrapi18n-perl (0.06-7.1) ...
Setting up libp11-kit0:amd64 (0.23.3-2) ...
Setting up apt (1.4.9) ...
Created symlink /etc/systemd/system/timers.target.wants/apt-daily-upgrade.timer -> /lib/systemd/system/apt-daily-upgrade.timer.
Created symlink /etc/systemd/system/timers.target.wants/apt-daily.timer -> /lib/systemd/system/apt-daily.timer.
Setting up pinentry-curses (1.0.0-2) ...
Setting up libnewt0.52:amd64 (0.52.19-1+b1) ...
Setting up gnupg-agent (2.1.18-8~deb9u4) ...
Setting up ifupdown (0.8.19) ...
Creating /etc/network/interfaces.
Created symlink /etc/systemd/system/multi-user.target.wants/networking.service -> /lib/systemd/system/networking.service.
Created symlink /etc/systemd/system/network-online.target.wants/networking.service -> /lib/systemd/system/networking.service.
Setting up apt-utils (1.4.9) ...
Setting up debconf-i18n (1.5.61) ...
Setting up whiptail (0.52.19-1+b1) ...
Setting up gnupg (2.1.18-8~deb9u4) ...
Setting up libgnutls30:amd64 (3.5.8-5+deb9u4) ...
Setting up wget (1.18-5+deb9u3) ...
Setting up tasksel (3.39) ...
Setting up tasksel-data (3.39) ...
Processing triggers for libc-bin (2.24-11+deb9u4) ...
Processing triggers for systemd (232-25+deb9u12) ...
