AINSL_TARGET=/tmp/fai-diskimage.fUnUh4
BASH=/bin/bash
CONSOLEFONT=
DEBIAN_FRONTEND=noninteractive
FAI=/srv/fai/config/config_space
FAI_ACTION=install
FAI_CONFIG_SRC=file:///srv/fai/config/config_space
FAI_DEBOOTSTRAP='stretch http://deb.debian.org/debian/'
FAI_ETC_DIR=/etc/fai
FAI_FLAGS=
FAI_LOGPROTO=ssh
FAI_MONITOR_PORT=4711
FAI_ROOT=/tmp/fai-diskimage.fUnUh4
FAI_VERSION=5.3.6
HOSTNAME=fai-debian-image
HOSTTYPE=x86_64
IFS=$' \t\n'
INVOCATION_ID=c331aa50fd41415aa64ad37e84fa216b
JOURNAL_STREAM=8:13366
KEYMAP=utf-8
LANG=en_US.UTF-8
LC_ALL=C
LOGDIR=/var/log/fai/fai-debian-image/install-20190908_045324
MACHTYPE=x86_64-pc-linux-gnu
MNTPOINT=/media/mirror
NIC1=eth0
OLDPWD=/srv/fai
OPTERR=1
OPTIND=1
OSTYPE=linux-gnu
PATH=/usr/local/sbin:/usr/local/bin:/usr/lib/fai:/usr/sbin:/usr/bin:/sbin:/bin
PS4='+ '
ROOTCMD='chroot /tmp/fai-diskimage.fUnUh4'
SECONDS=0
SERVER=
SHELL=/bin/bash
SHLVL=2
STOP_ON_ERROR=500
TERM=vt220
TIMEZONE=UTC
apt_cdn=http://cdn-aws.deb.debian.org
cfclasses=DEBIAN.STRETCH.AMD64.GRUB_PC.EXTRAS.CLOUD.EC2
classes='DEBIAN STRETCH AMD64 GRUB_PC EXTRAS CLOUD EC2'
cmdlineclasses='DEBIAN STRETCH AMD64 GRUB_PC EXTRAS CLOUD EC2'
disklist=loop0
do_init_tasks=0
duration=0
fai_rundate=20190908_045324
faimond=0
hname=fai-debian-image
localpath=/srv/fai/config/config_space
method=file
monserver=
odir=/srv/fai
release=stretch
romountopt='-o async,noatime,nolock,ro,actimeo=1800'
security_cdn=http://security.debian.org
stamp=/var/run/fai/FAI_INSTALLATION_IN_PROGRESS
start_seconds=86
target=/tmp/fai-diskimage.fUnUh4
task_error=0
task_error_func=
taskname=defvar
